<?xml version="1.0" encoding="UTF-8"?>
<!-- Generated by org.testng.reporters.JUnitXMLReporter -->
<testsuite ignored="0" hostname="LAPTOP-7DRFOE2C" failures="1" tests="1" name="OpencartTest" time="21.267" errors="0" timestamp="2023-11-04T14:18:03 IST">
  <testcase classname="testCases.TC_002_LoginTest" name="test_Login" time="11.552">
    <failure type="java.lang.AssertionError" message="null">
      <![CDATA[java.lang.AssertionError: null
at testCases.TC_002_LoginTest.test_Login(TC_002_LoginTest.java:44)
at java.base/java.util.ArrayList.forEach(ArrayList.java:1511)
... Removed 29 stack frames]]>
    </failure>
  </testcase> <!-- test_Login -->
</testsuite> <!-- OpencartTest -->
